2025-10-28T00:14:38.154-05:00  INFO 9096 --- [GestorFinanciero] [SpringApplicationShutdownHook] j.LocalContainerEntityManagerFactoryBean : Closing JPA EntityManagerFactory for persistence unit 'default'
2025-10-28T00:14:38.279-05:00  INFO 9096 --- [GestorFinanciero] [SpringApplicationShutdownHook] com.zaxxer.hikari.HikariDataSource       : HikariPool-1 - Shutdown initiated...
2025-10-28T00:14:38.292-05:00  INFO 9096 --- [GestorFinanciero] [SpringApplicationShutdownHook] com.zaxxer.hikari.HikariDataSource       : HikariPool-1 - Shutdown completed.
2025-10-28T00:14:59.980-05:00  INFO 20384 --- [GestorFinanciero] [JavaFX-Launcher] o.s.boot.SpringApplication               : Starting application using Java 17.0.16 with PID 20384 (started by armut in C:\Users\armut\SIST-C2G2-POO-GestorFinanzas\GestorFinanciero)
2025-10-28T00:14:59.983-05:00  INFO 20384 --- [GestorFinanciero] [JavaFX-Launcher] o.s.boot.SpringApplication               : No active profile set, falling back to 1 default profile: "default"
2025-10-28T00:15:00.975-05:00  INFO 20384 --- [GestorFinanciero] [JavaFX-Launcher] .s.d.r.c.RepositoryConfigurationDelegate : Bootstrapping Spring Data JPA repositories in DEFAULT mode.
2025-10-28T00:15:01.069-05:00  INFO 20384 --- [GestorFinanciero] [JavaFX-Launcher] .s.d.r.c.RepositoryConfigurationDelegate : Finished Spring Data repository scanning in 80 ms. Found 2 JPA repository interfaces.
2025-10-28T00:15:01.473-05:00  INFO 20384 --- [GestorFinanciero] [JavaFX-Launcher] o.hibernate.jpa.internal.util.LogHelper  : HHH000204: Processing PersistenceUnitInfo [name: default]
2025-10-28T00:15:01.580-05:00  INFO 20384 --- [GestorFinanciero] [JavaFX-Launcher] org.hibernate.Version                    : HHH000412: Hibernate ORM core version 6.6.29.Final
2025-10-28T00:15:01.637-05:00  INFO 20384 --- [GestorFinanciero] [JavaFX-Launcher] o.h.c.internal.RegionFactoryInitiator    : HHH000026: Second-level cache disabled
2025-10-28T00:15:02.053-05:00  INFO 20384 --- [GestorFinanciero] [JavaFX-Launcher] o.s.o.j.p.SpringPersistenceUnitInfo      : No LoadTimeWeaver setup: ignoring JPA class transformer
2025-10-28T00:15:02.102-05:00  INFO 20384 --- [GestorFinanciero] [JavaFX-Launcher] com.zaxxer.hikari.HikariDataSource       : HikariPool-1 - Starting...
2025-10-28T00:15:02.489-05:00  INFO 20384 --- [GestorFinanciero] [JavaFX-Launcher] com.zaxxer.hikari.pool.HikariPool        : HikariPool-1 - Added connection org.sqlite.jdbc4.JDBC4Connection@73b54087
2025-10-28T00:15:02.491-05:00  INFO 20384 --- [GestorFinanciero] [JavaFX-Launcher] com.zaxxer.hikari.HikariDataSource       : HikariPool-1 - Start completed.
2025-10-28T00:15:02.550-05:00  INFO 20384 --- [GestorFinanciero] [JavaFX-Launcher] org.hibernate.orm.connections.pooling    : HHH10001005: Database info:
	Database JDBC URL [Connecting through datasource 'HikariDataSource (HikariPool-1)']
	Database driver: undefined/unknown
	Database version: 3.46
	Autocommit mode: undefined/unknown
	Isolation level: undefined/unknown
	Minimum pool size: undefined/unknown
	Maximum pool size: undefined/unknown
2025-10-28T00:15:03.842-05:00  INFO 20384 --- [GestorFinanciero] [JavaFX-Launcher] o.h.e.t.j.p.i.JtaPlatformInitiator       : HHH000489: No JTA platform available (set 'hibernate.transaction.jta.platform' to enable JTA platform integration)
2025-10-28T00:15:03.880-05:00  INFO 20384 --- [GestorFinanciero] [JavaFX-Launcher] j.LocalContainerEntityManagerFactoryBean : Initialized JPA EntityManagerFactory for persistence unit 'default'
2025-10-28T00:15:04.266-05:00  INFO 20384 --- [GestorFinanciero] [JavaFX-Launcher] o.s.d.j.r.query.QueryEnhancerFactory     : Hibernate is in classpath; If applicable, HQL parser will be used.
2025-10-28T00:15:04.459-05:00  INFO 20384 --- [GestorFinanciero] [JavaFX-Launcher] o.s.boot.SpringApplication               : Started application in 5.175 seconds (process running for 6.256)
2025-10-28T00:15:14.785-05:00  INFO 20384 --- [GestorFinanciero] [SpringApplicationShutdownHook] j.LocalContainerEntityManagerFactoryBean : Closing JPA EntityManagerFactory for persistence unit 'default'
2025-10-28T00:15:14.789-05:00  INFO 20384 --- [GestorFinanciero] [SpringApplicationShutdownHook] com.zaxxer.hikari.HikariDataSource       : HikariPool-1 - Shutdown initiated...
2025-10-28T00:15:14.792-05:00  INFO 20384 --- [GestorFinanciero] [SpringApplicationShutdownHook] com.zaxxer.hikari.HikariDataSource       : HikariPool-1 - Shutdown completed.
2025-10-28T00:19:21.422-05:00  INFO 11072 --- [GestorFinanciero] [JavaFX-Launcher] o.s.boot.SpringApplication               : Starting application using Java 17.0.16 with PID 11072 (started by armut in C:\Users\armut\SIST-C2G2-POO-GestorFinanzas\GestorFinanciero)
2025-10-28T00:19:21.431-05:00  INFO 11072 --- [GestorFinanciero] [JavaFX-Launcher] o.s.boot.SpringApplication               : No active profile set, falling back to 1 default profile: "default"
2025-10-28T00:19:22.235-05:00  INFO 11072 --- [GestorFinanciero] [JavaFX-Launcher] .s.d.r.c.RepositoryConfigurationDelegate : Bootstrapping Spring Data JPA repositories in DEFAULT mode.
2025-10-28T00:19:22.315-05:00  INFO 11072 --- [GestorFinanciero] [JavaFX-Launcher] .s.d.r.c.RepositoryConfigurationDelegate : Finished Spring Data repository scanning in 68 ms. Found 2 JPA repository interfaces.
2025-10-28T00:19:22.676-05:00  INFO 11072 --- [GestorFinanciero] [JavaFX-Launcher] o.hibernate.jpa.internal.util.LogHelper  : HHH000204: Processing PersistenceUnitInfo [name: default]
2025-10-28T00:19:22.725-05:00  INFO 11072 --- [GestorFinanciero] [JavaFX-Launcher] org.hibernate.Version                    : HHH000412: Hibernate ORM core version 6.6.29.Final
2025-10-28T00:19:22.761-05:00  INFO 11072 --- [GestorFinanciero] [JavaFX-Launcher] o.h.c.internal.RegionFactoryInitiator    : HHH000026: Second-level cache disabled
2025-10-28T00:19:23.109-05:00  INFO 11072 --- [GestorFinanciero] [JavaFX-Launcher] o.s.o.j.p.SpringPersistenceUnitInfo      : No LoadTimeWeaver setup: ignoring JPA class transformer
2025-10-28T00:19:23.145-05:00  INFO 11072 --- [GestorFinanciero] [JavaFX-Launcher] com.zaxxer.hikari.HikariDataSource       : HikariPool-1 - Starting...
2025-10-28T00:19:23.370-05:00  INFO 11072 --- [GestorFinanciero] [JavaFX-Launcher] com.zaxxer.hikari.pool.HikariPool        : HikariPool-1 - Added connection org.sqlite.jdbc4.JDBC4Connection@4b5041a6
2025-10-28T00:19:23.378-05:00  INFO 11072 --- [GestorFinanciero] [JavaFX-Launcher] com.zaxxer.hikari.HikariDataSource       : HikariPool-1 - Start completed.
2025-10-28T00:19:23.425-05:00  INFO 11072 --- [GestorFinanciero] [JavaFX-Launcher] org.hibernate.orm.connections.pooling    : HHH10001005: Database info:
	Database JDBC URL [Connecting through datasource 'HikariDataSource (HikariPool-1)']
	Database driver: undefined/unknown
	Database version: 3.46
	Autocommit mode: undefined/unknown
	Isolation level: undefined/unknown
	Minimum pool size: undefined/unknown
	Maximum pool size: undefined/unknown
2025-10-28T00:19:24.616-05:00  INFO 11072 --- [GestorFinanciero] [JavaFX-Launcher] o.h.e.t.j.p.i.JtaPlatformInitiator       : HHH000489: No JTA platform available (set 'hibernate.transaction.jta.platform' to enable JTA platform integration)
2025-10-28T00:19:24.652-05:00  INFO 11072 --- [GestorFinanciero] [JavaFX-Launcher] j.LocalContainerEntityManagerFactoryBean : Initialized JPA EntityManagerFactory for persistence unit 'default'
2025-10-28T00:19:24.981-05:00  INFO 11072 --- [GestorFinanciero] [JavaFX-Launcher] o.s.d.j.r.query.QueryEnhancerFactory     : Hibernate is in classpath; If applicable, HQL parser will be used.
2025-10-28T00:19:25.164-05:00  INFO 11072 --- [GestorFinanciero] [JavaFX-Launcher] o.s.boot.SpringApplication               : Started application in 4.353 seconds (process running for 5.211)
2025-10-28T00:19:47.276-05:00  INFO 11072 --- [GestorFinanciero] [SpringApplicationShutdownHook] j.LocalContainerEntityManagerFactoryBean : Closing JPA EntityManagerFactory for persistence unit 'default'
2025-10-28T00:19:47.281-05:00  INFO 11072 --- [GestorFinanciero] [SpringApplicationShutdownHook] com.zaxxer.hikari.HikariDataSource       : HikariPool-1 - Shutdown initiated...
2025-10-28T00:19:47.286-05:00  INFO 11072 --- [GestorFinanciero] [SpringApplicationShutdownHook] com.zaxxer.hikari.HikariDataSource       : HikariPool-1 - Shutdown completed.
2025-10-28T00:37:54.064-05:00  INFO 6936 --- [GestorFinanciero] [JavaFX-Launcher] o.s.boot.SpringApplication               : Starting application using Java 17.0.16 with PID 6936 (started by armut in C:\Users\armut\SIST-C2G2-POO-GestorFinanzas\GestorFinanciero)
2025-10-28T00:37:54.068-05:00  INFO 6936 --- [GestorFinanciero] [JavaFX-Launcher] o.s.boot.SpringApplication               : No active profile set, falling back to 1 default profile: "default"
2025-10-28T00:37:55.288-05:00  INFO 6936 --- [GestorFinanciero] [JavaFX-Launcher] .s.d.r.c.RepositoryConfigurationDelegate : Bootstrapping Spring Data JPA repositories in DEFAULT mode.
2025-10-28T00:37:55.408-05:00  INFO 6936 --- [GestorFinanciero] [JavaFX-Launcher] .s.d.r.c.RepositoryConfigurationDelegate : Finished Spring Data repository scanning in 104 ms. Found 2 JPA repository interfaces.
2025-10-28T00:37:55.932-05:00  INFO 6936 --- [GestorFinanciero] [JavaFX-Launcher] o.hibernate.jpa.internal.util.LogHelper  : HHH000204: Processing PersistenceUnitInfo [name: default]
2025-10-28T00:37:56.018-05:00  INFO 6936 --- [GestorFinanciero] [JavaFX-Launcher] org.hibernate.Version                    : HHH000412: Hibernate ORM core version 6.6.29.Final
2025-10-28T00:37:56.064-05:00  INFO 6936 --- [GestorFinanciero] [JavaFX-Launcher] o.h.c.internal.RegionFactoryInitiator    : HHH000026: Second-level cache disabled
2025-10-28T00:37:56.455-05:00  INFO 6936 --- [GestorFinanciero] [JavaFX-Launcher] o.s.o.j.p.SpringPersistenceUnitInfo      : No LoadTimeWeaver setup: ignoring JPA class transformer
2025-10-28T00:37:56.497-05:00  INFO 6936 --- [GestorFinanciero] [JavaFX-Launcher] com.zaxxer.hikari.HikariDataSource       : HikariPool-1 - Starting...
2025-10-28T00:37:57.044-05:00  INFO 6936 --- [GestorFinanciero] [JavaFX-Launcher] com.zaxxer.hikari.pool.HikariPool        : HikariPool-1 - Added connection org.sqlite.jdbc4.JDBC4Connection@2866a122
2025-10-28T00:37:57.046-05:00  INFO 6936 --- [GestorFinanciero] [JavaFX-Launcher] com.zaxxer.hikari.HikariDataSource       : HikariPool-1 - Start completed.
2025-10-28T00:37:57.096-05:00  INFO 6936 --- [GestorFinanciero] [JavaFX-Launcher] org.hibernate.orm.connections.pooling    : HHH10001005: Database info:
	Database JDBC URL [Connecting through datasource 'HikariDataSource (HikariPool-1)']
	Database driver: undefined/unknown
	Database version: 3.46
	Autocommit mode: undefined/unknown
	Isolation level: undefined/unknown
	Minimum pool size: undefined/unknown
	Maximum pool size: undefined/unknown
2025-10-28T00:37:58.342-05:00  INFO 6936 --- [GestorFinanciero] [JavaFX-Launcher] o.h.e.t.j.p.i.JtaPlatformInitiator       : HHH000489: No JTA platform available (set 'hibernate.transaction.jta.platform' to enable JTA platform integration)
2025-10-28T00:37:58.379-05:00  INFO 6936 --- [GestorFinanciero] [JavaFX-Launcher] j.LocalContainerEntityManagerFactoryBean : Initialized JPA EntityManagerFactory for persistence unit 'default'
2025-10-28T00:37:58.745-05:00  INFO 6936 --- [GestorFinanciero] [JavaFX-Launcher] o.s.d.j.r.query.QueryEnhancerFactory     : Hibernate is in classpath; If applicable, HQL parser will be used.
2025-10-28T00:37:58.921-05:00  INFO 6936 --- [GestorFinanciero] [JavaFX-Launcher] o.s.boot.SpringApplication               : Started application in 5.773 seconds (process running for 7.416)
2025-10-28T00:38:39.285-05:00  INFO 6936 --- [GestorFinanciero] [SpringApplicationShutdownHook] j.LocalContainerEntityManagerFactoryBean : Closing JPA EntityManagerFactory for persistence unit 'default'
2025-10-28T00:38:39.294-05:00  INFO 6936 --- [GestorFinanciero] [SpringApplicationShutdownHook] com.zaxxer.hikari.HikariDataSource       : HikariPool-1 - Shutdown initiated...
2025-10-28T00:38:39.301-05:00  INFO 6936 --- [GestorFinanciero] [SpringApplicationShutdownHook] com.zaxxer.hikari.HikariDataSource       : HikariPool-1 - Shutdown completed.
2025-10-28T09:48:39.445-05:00  INFO 20180 --- [GestorFinanciero] [JavaFX-Launcher] o.s.boot.SpringApplication               : Starting application using Java 17.0.16 with PID 20180 (started by armut in C:\Users\armut\SIST-C2G2-POO-GestorFinanzas\GestorFinanciero)
2025-10-28T09:48:39.450-05:00  INFO 20180 --- [GestorFinanciero] [JavaFX-Launcher] o.s.boot.SpringApplication               : No active profile set, falling back to 1 default profile: "default"
2025-10-28T09:48:40.621-05:00  INFO 20180 --- [GestorFinanciero] [JavaFX-Launcher] .s.d.r.c.RepositoryConfigurationDelegate : Bootstrapping Spring Data JPA repositories in DEFAULT mode.
2025-10-28T09:48:40.742-05:00  INFO 20180 --- [GestorFinanciero] [JavaFX-Launcher] .s.d.r.c.RepositoryConfigurationDelegate : Finished Spring Data repository scanning in 102 ms. Found 2 JPA repository interfaces.
2025-10-28T09:48:41.262-05:00  INFO 20180 --- [GestorFinanciero] [JavaFX-Launcher] o.hibernate.jpa.internal.util.LogHelper  : HHH000204: Processing PersistenceUnitInfo [name: default]
2025-10-28T09:48:41.374-05:00  INFO 20180 --- [GestorFinanciero] [JavaFX-Launcher] org.hibernate.Version                    : HHH000412: Hibernate ORM core version 6.6.29.Final
2025-10-28T09:48:41.436-05:00  INFO 20180 --- [GestorFinanciero] [JavaFX-Launcher] o.h.c.internal.RegionFactoryInitiator    : HHH000026: Second-level cache disabled
2025-10-28T09:48:41.969-05:00  INFO 20180 --- [GestorFinanciero] [JavaFX-Launcher] o.s.o.j.p.SpringPersistenceUnitInfo      : No LoadTimeWeaver setup: ignoring JPA class transformer
2025-10-28T09:48:42.026-05:00  INFO 20180 --- [GestorFinanciero] [JavaFX-Launcher] com.zaxxer.hikari.HikariDataSource       : HikariPool-1 - Starting...
2025-10-28T09:48:42.326-05:00  INFO 20180 --- [GestorFinanciero] [JavaFX-Launcher] com.zaxxer.hikari.pool.HikariPool        : HikariPool-1 - Added connection org.sqlite.jdbc4.JDBC4Connection@5fd9ef65
2025-10-28T09:48:42.329-05:00  INFO 20180 --- [GestorFinanciero] [JavaFX-Launcher] com.zaxxer.hikari.HikariDataSource       : HikariPool-1 - Start completed.
2025-10-28T09:48:42.402-05:00  INFO 20180 --- [GestorFinanciero] [JavaFX-Launcher] org.hibernate.orm.connections.pooling    : HHH10001005: Database info:
	Database JDBC URL [Connecting through datasource 'HikariDataSource (HikariPool-1)']
	Database driver: undefined/unknown
	Database version: 3.46
	Autocommit mode: undefined/unknown
	Isolation level: undefined/unknown
	Minimum pool size: undefined/unknown
	Maximum pool size: undefined/unknown
2025-10-28T09:48:43.835-05:00  INFO 20180 --- [GestorFinanciero] [JavaFX-Launcher] o.h.e.t.j.p.i.JtaPlatformInitiator       : HHH000489: No JTA platform available (set 'hibernate.transaction.jta.platform' to enable JTA platform integration)
2025-10-28T09:48:43.876-05:00  INFO 20180 --- [GestorFinanciero] [JavaFX-Launcher] j.LocalContainerEntityManagerFactoryBean : Initialized JPA EntityManagerFactory for persistence unit 'default'
2025-10-28T09:48:44.298-05:00  INFO 20180 --- [GestorFinanciero] [JavaFX-Launcher] o.s.d.j.r.query.QueryEnhancerFactory     : Hibernate is in classpath; If applicable, HQL parser will be used.
2025-10-28T09:48:44.478-05:00  INFO 20180 --- [GestorFinanciero] [JavaFX-Launcher] o.s.boot.SpringApplication               : Started application in 5.902 seconds (process running for 7.928)
2025-10-28T09:51:02.094-05:00  INFO 20180 --- [GestorFinanciero] [SpringApplicationShutdownHook] j.LocalContainerEntityManagerFactoryBean : Closing JPA EntityManagerFactory for persistence unit 'default'
2025-10-28T09:51:02.110-05:00  INFO 20180 --- [GestorFinanciero] [SpringApplicationShutdownHook] com.zaxxer.hikari.HikariDataSource       : HikariPool-1 - Shutdown initiated...
2025-10-28T09:51:02.125-05:00  INFO 20180 --- [GestorFinanciero] [SpringApplicationShutdownHook] com.zaxxer.hikari.HikariDataSource       : HikariPool-1 - Shutdown completed.
2025-10-28T09:57:58.568-05:00  INFO 17140 --- [GestorFinanciero] [JavaFX-Launcher] o.s.boot.SpringApplication               : Starting application using Java 17.0.16 with PID 17140 (started by armut in C:\Users\armut\SIST-C2G2-POO-GestorFinanzas\GestorFinanciero)
2025-10-28T09:57:58.574-05:00  INFO 17140 --- [GestorFinanciero] [JavaFX-Launcher] o.s.boot.SpringApplication               : No active profile set, falling back to 1 default profile: "default"
2025-10-28T09:58:00.161-05:00  INFO 17140 --- [GestorFinanciero] [JavaFX-Launcher] .s.d.r.c.RepositoryConfigurationDelegate : Bootstrapping Spring Data JPA repositories in DEFAULT mode.
2025-10-28T09:58:00.263-05:00  INFO 17140 --- [GestorFinanciero] [JavaFX-Launcher] .s.d.r.c.RepositoryConfigurationDelegate : Finished Spring Data repository scanning in 85 ms. Found 2 JPA repository interfaces.
2025-10-28T09:58:00.761-05:00  INFO 17140 --- [GestorFinanciero] [JavaFX-Launcher] o.hibernate.jpa.internal.util.LogHelper  : HHH000204: Processing PersistenceUnitInfo [name: default]
2025-10-28T09:58:00.850-05:00  INFO 17140 --- [GestorFinanciero] [JavaFX-Launcher] org.hibernate.Version                    : HHH000412: Hibernate ORM core version 6.6.29.Final
2025-10-28T09:58:00.920-05:00  INFO 17140 --- [GestorFinanciero] [JavaFX-Launcher] o.h.c.internal.RegionFactoryInitiator    : HHH000026: Second-level cache disabled
2025-10-28T09:58:01.369-05:00  INFO 17140 --- [GestorFinanciero] [JavaFX-Launcher] o.s.o.j.p.SpringPersistenceUnitInfo      : No LoadTimeWeaver setup: ignoring JPA class transformer
2025-10-28T09:58:01.418-05:00  INFO 17140 --- [GestorFinanciero] [JavaFX-Launcher] com.zaxxer.hikari.HikariDataSource       : HikariPool-1 - Starting...
2025-10-28T09:58:01.628-05:00  INFO 17140 --- [GestorFinanciero] [JavaFX-Launcher] com.zaxxer.hikari.pool.HikariPool        : HikariPool-1 - Added connection org.sqlite.jdbc4.JDBC4Connection@6feb4b9
2025-10-28T09:58:01.631-05:00  INFO 17140 --- [GestorFinanciero] [JavaFX-Launcher] com.zaxxer.hikari.HikariDataSource       : HikariPool-1 - Start completed.
2025-10-28T09:58:01.690-05:00  INFO 17140 --- [GestorFinanciero] [JavaFX-Launcher] org.hibernate.orm.connections.pooling    : HHH10001005: Database info:
	Database JDBC URL [Connecting through datasource 'HikariDataSource (HikariPool-1)']
	Database driver: undefined/unknown
	Database version: 3.46
	Autocommit mode: undefined/unknown
	Isolation level: undefined/unknown
	Minimum pool size: undefined/unknown
	Maximum pool size: undefined/unknown
2025-10-28T09:58:02.805-05:00  INFO 17140 --- [GestorFinanciero] [JavaFX-Launcher] o.h.e.t.j.p.i.JtaPlatformInitiator       : HHH000489: No JTA platform available (set 'hibernate.transaction.jta.platform' to enable JTA platform integration)
2025-10-28T09:58:02.841-05:00  INFO 17140 --- [GestorFinanciero] [JavaFX-Launcher] j.LocalContainerEntityManagerFactoryBean : Initialized JPA EntityManagerFactory for persistence unit 'default'
2025-10-28T09:58:03.178-05:00  INFO 17140 --- [GestorFinanciero] [JavaFX-Launcher] o.s.d.j.r.query.QueryEnhancerFactory     : Hibernate is in classpath; If applicable, HQL parser will be used.
2025-10-28T09:58:03.357-05:00  INFO 17140 --- [GestorFinanciero] [JavaFX-Launcher] o.s.boot.SpringApplication               : Started application in 5.555 seconds (process running for 12.617)
2025-10-28T10:14:52.962-05:00  INFO 17140 --- [GestorFinanciero] [SpringApplicationShutdownHook] j.LocalContainerEntityManagerFactoryBean : Closing JPA EntityManagerFactory for persistence unit 'default'
2025-10-28T10:14:52.973-05:00  INFO 17140 --- [GestorFinanciero] [SpringApplicationShutdownHook] com.zaxxer.hikari.HikariDataSource       : HikariPool-1 - Shutdown initiated...
2025-10-28T10:14:52.973-05:00  INFO 17140 --- [GestorFinanciero] [SpringApplicationShutdownHook] com.zaxxer.hikari.HikariDataSource       : HikariPool-1 - Shutdown completed.
2025-10-28T10:15:53.577-05:00  INFO 19424 --- [GestorFinanciero] [JavaFX-Launcher] o.s.boot.SpringApplication               : Starting application using Java 17.0.16 with PID 19424 (started by armut in C:\Users\armut\SIST-C2G2-POO-GestorFinanzas\GestorFinanciero)
2025-10-28T10:15:53.584-05:00  INFO 19424 --- [GestorFinanciero] [JavaFX-Launcher] o.s.boot.SpringApplication               : No active profile set, falling back to 1 default profile: "default"
2025-10-28T10:15:54.750-05:00  INFO 19424 --- [GestorFinanciero] [JavaFX-Launcher] .s.d.r.c.RepositoryConfigurationDelegate : Bootstrapping Spring Data JPA repositories in DEFAULT mode.
2025-10-28T10:15:54.864-05:00  INFO 19424 --- [GestorFinanciero] [JavaFX-Launcher] .s.d.r.c.RepositoryConfigurationDelegate : Finished Spring Data repository scanning in 97 ms. Found 2 JPA repository interfaces.
2025-10-28T10:15:55.398-05:00  INFO 19424 --- [GestorFinanciero] [JavaFX-Launcher] o.hibernate.jpa.internal.util.LogHelper  : HHH000204: Processing PersistenceUnitInfo [name: default]
2025-10-28T10:15:55.470-05:00  INFO 19424 --- [GestorFinanciero] [JavaFX-Launcher] org.hibernate.Version                    : HHH000412: Hibernate ORM core version 6.6.29.Final
2025-10-28T10:15:55.535-05:00  INFO 19424 --- [GestorFinanciero] [JavaFX-Launcher] o.h.c.internal.RegionFactoryInitiator    : HHH000026: Second-level cache disabled
2025-10-28T10:15:56.030-05:00  INFO 19424 --- [GestorFinanciero] [JavaFX-Launcher] o.s.o.j.p.SpringPersistenceUnitInfo      : No LoadTimeWeaver setup: ignoring JPA class transformer
2025-10-28T10:15:56.086-05:00  INFO 19424 --- [GestorFinanciero] [JavaFX-Launcher] com.zaxxer.hikari.HikariDataSource       : HikariPool-1 - Starting...
2025-10-28T10:15:56.519-05:00  INFO 19424 --- [GestorFinanciero] [JavaFX-Launcher] com.zaxxer.hikari.pool.HikariPool        : HikariPool-1 - Added connection org.sqlite.jdbc4.JDBC4Connection@1adf3b49
2025-10-28T10:15:56.521-05:00  INFO 19424 --- [GestorFinanciero] [JavaFX-Launcher] com.zaxxer.hikari.HikariDataSource       : HikariPool-1 - Start completed.
2025-10-28T10:15:56.586-05:00  INFO 19424 --- [GestorFinanciero] [JavaFX-Launcher] org.hibernate.orm.connections.pooling    : HHH10001005: Database info:
	Database JDBC URL [Connecting through datasource 'HikariDataSource (HikariPool-1)']
	Database driver: undefined/unknown
	Database version: 3.46
	Autocommit mode: undefined/unknown
	Isolation level: undefined/unknown
	Minimum pool size: undefined/unknown
	Maximum pool size: undefined/unknown
2025-10-28T10:15:58.318-05:00  INFO 19424 --- [GestorFinanciero] [JavaFX-Launcher] o.h.e.t.j.p.i.JtaPlatformInitiator       : HHH000489: No JTA platform available (set 'hibernate.transaction.jta.platform' to enable JTA platform integration)
2025-10-28T10:15:58.370-05:00  INFO 19424 --- [GestorFinanciero] [JavaFX-Launcher] j.LocalContainerEntityManagerFactoryBean : Initialized JPA EntityManagerFactory for persistence unit 'default'
2025-10-28T10:15:58.802-05:00  INFO 19424 --- [GestorFinanciero] [JavaFX-Launcher] o.s.d.j.r.query.QueryEnhancerFactory     : Hibernate is in classpath; If applicable, HQL parser will be used.
2025-10-28T10:15:59.020-05:00  INFO 19424 --- [GestorFinanciero] [JavaFX-Launcher] o.s.boot.SpringApplication               : Started application in 6.257 seconds (process running for 7.434)
2025-10-28T10:16:32.948-05:00  INFO 19424 --- [GestorFinanciero] [SpringApplicationShutdownHook] j.LocalContainerEntityManagerFactoryBean : Closing JPA EntityManagerFactory for persistence unit 'default'
2025-10-28T10:16:32.958-05:00  INFO 19424 --- [GestorFinanciero] [SpringApplicationShutdownHook] com.zaxxer.hikari.HikariDataSource       : HikariPool-1 - Shutdown initiated...
2025-10-28T10:16:32.961-05:00  INFO 19424 --- [GestorFinanciero] [SpringApplicationShutdownHook] com.zaxxer.hikari.HikariDataSource       : HikariPool-1 - Shutdown completed.
2025-10-28T10:46:17.689-05:00  INFO 5728 --- [GestorFinanciero] [JavaFX-Launcher] o.s.boot.SpringApplication               : Starting application using Java 17.0.16 with PID 5728 (started by armut in C:\Users\armut\SIST-C2G2-POO-GestorFinanzas\GestorFinanciero)
2025-10-28T10:46:17.694-05:00  INFO 5728 --- [GestorFinanciero] [JavaFX-Launcher] o.s.boot.SpringApplication               : No active profile set, falling back to 1 default profile: "default"
2025-10-28T10:46:18.902-05:00  INFO 5728 --- [GestorFinanciero] [JavaFX-Launcher] .s.d.r.c.RepositoryConfigurationDelegate : Bootstrapping Spring Data JPA repositories in DEFAULT mode.
2025-10-28T10:46:19.017-05:00  INFO 5728 --- [GestorFinanciero] [JavaFX-Launcher] .s.d.r.c.RepositoryConfigurationDelegate : Finished Spring Data repository scanning in 99 ms. Found 2 JPA repository interfaces.
2025-10-28T10:46:19.544-05:00  INFO 5728 --- [GestorFinanciero] [JavaFX-Launcher] o.hibernate.jpa.internal.util.LogHelper  : HHH000204: Processing PersistenceUnitInfo [name: default]
2025-10-28T10:46:19.639-05:00  INFO 5728 --- [GestorFinanciero] [JavaFX-Launcher] org.hibernate.Version                    : HHH000412: Hibernate ORM core version 6.6.29.Final
2025-10-28T10:46:19.707-05:00  INFO 5728 --- [GestorFinanciero] [JavaFX-Launcher] o.h.c.internal.RegionFactoryInitiator    : HHH000026: Second-level cache disabled
2025-10-28T10:46:20.264-05:00  INFO 5728 --- [GestorFinanciero] [JavaFX-Launcher] o.s.o.j.p.SpringPersistenceUnitInfo      : No LoadTimeWeaver setup: ignoring JPA class transformer
2025-10-28T10:46:20.326-05:00  INFO 5728 --- [GestorFinanciero] [JavaFX-Launcher] com.zaxxer.hikari.HikariDataSource       : HikariPool-1 - Starting...
2025-10-28T10:46:20.643-05:00  INFO 5728 --- [GestorFinanciero] [JavaFX-Launcher] com.zaxxer.hikari.pool.HikariPool        : HikariPool-1 - Added connection org.sqlite.jdbc4.JDBC4Connection@d045168
2025-10-28T10:46:20.646-05:00  INFO 5728 --- [GestorFinanciero] [JavaFX-Launcher] com.zaxxer.hikari.HikariDataSource       : HikariPool-1 - Start completed.
2025-10-28T10:46:20.725-05:00  INFO 5728 --- [GestorFinanciero] [JavaFX-Launcher] org.hibernate.orm.connections.pooling    : HHH10001005: Database info:
	Database JDBC URL [Connecting through datasource 'HikariDataSource (HikariPool-1)']
	Database driver: undefined/unknown
	Database version: 3.46
	Autocommit mode: undefined/unknown
	Isolation level: undefined/unknown
	Minimum pool size: undefined/unknown
	Maximum pool size: undefined/unknown
2025-10-28T10:46:22.156-05:00  INFO 5728 --- [GestorFinanciero] [JavaFX-Launcher] o.h.e.t.j.p.i.JtaPlatformInitiator       : HHH000489: No JTA platform available (set 'hibernate.transaction.jta.platform' to enable JTA platform integration)
2025-10-28T10:46:22.192-05:00  INFO 5728 --- [GestorFinanciero] [JavaFX-Launcher] j.LocalContainerEntityManagerFactoryBean : Initialized JPA EntityManagerFactory for persistence unit 'default'
2025-10-28T10:46:22.552-05:00  INFO 5728 --- [GestorFinanciero] [JavaFX-Launcher] o.s.d.j.r.query.QueryEnhancerFactory     : Hibernate is in classpath; If applicable, HQL parser will be used.
2025-10-28T10:46:22.744-05:00  INFO 5728 --- [GestorFinanciero] [JavaFX-Launcher] o.s.boot.SpringApplication               : Started application in 5.93 seconds (process running for 7.409)
2025-10-28T10:46:43.892-05:00  INFO 5728 --- [GestorFinanciero] [SpringApplicationShutdownHook] j.LocalContainerEntityManagerFactoryBean : Closing JPA EntityManagerFactory for persistence unit 'default'
2025-10-28T10:46:43.899-05:00  INFO 5728 --- [GestorFinanciero] [SpringApplicationShutdownHook] com.zaxxer.hikari.HikariDataSource       : HikariPool-1 - Shutdown initiated...
2025-10-28T10:46:43.907-05:00  INFO 5728 --- [GestorFinanciero] [SpringApplicationShutdownHook] com.zaxxer.hikari.HikariDataSource       : HikariPool-1 - Shutdown completed.
2025-10-28T10:54:38.885-05:00  INFO 19492 --- [GestorFinanciero] [JavaFX-Launcher] o.s.boot.SpringApplication               : Starting application using Java 17.0.16 with PID 19492 (started by armut in C:\Users\armut\SIST-C2G2-POO-GestorFinanzas\GestorFinanciero)
2025-10-28T10:54:38.890-05:00  INFO 19492 --- [GestorFinanciero] [JavaFX-Launcher] o.s.boot.SpringApplication               : No active profile set, falling back to 1 default profile: "default"
2025-10-28T10:54:39.970-05:00  INFO 19492 --- [GestorFinanciero] [JavaFX-Launcher] .s.d.r.c.RepositoryConfigurationDelegate : Bootstrapping Spring Data JPA repositories in DEFAULT mode.
2025-10-28T10:54:40.076-05:00  INFO 19492 --- [GestorFinanciero] [JavaFX-Launcher] .s.d.r.c.RepositoryConfigurationDelegate : Finished Spring Data repository scanning in 91 ms. Found 2 JPA repository interfaces.
2025-10-28T10:54:40.599-05:00  INFO 19492 --- [GestorFinanciero] [JavaFX-Launcher] o.hibernate.jpa.internal.util.LogHelper  : HHH000204: Processing PersistenceUnitInfo [name: default]
2025-10-28T10:54:40.685-05:00  INFO 19492 --- [GestorFinanciero] [JavaFX-Launcher] org.hibernate.Version                    : HHH000412: Hibernate ORM core version 6.6.29.Final
2025-10-28T10:54:40.748-05:00  INFO 19492 --- [GestorFinanciero] [JavaFX-Launcher] o.h.c.internal.RegionFactoryInitiator    : HHH000026: Second-level cache disabled
2025-10-28T10:54:41.266-05:00  INFO 19492 --- [GestorFinanciero] [JavaFX-Launcher] o.s.o.j.p.SpringPersistenceUnitInfo      : No LoadTimeWeaver setup: ignoring JPA class transformer
2025-10-28T10:54:41.318-05:00  INFO 19492 --- [GestorFinanciero] [JavaFX-Launcher] com.zaxxer.hikari.HikariDataSource       : HikariPool-1 - Starting...
2025-10-28T10:54:41.637-05:00  INFO 19492 --- [GestorFinanciero] [JavaFX-Launcher] com.zaxxer.hikari.pool.HikariPool        : HikariPool-1 - Added connection org.sqlite.jdbc4.JDBC4Connection@5a934679
2025-10-28T10:54:41.642-05:00  INFO 19492 --- [GestorFinanciero] [JavaFX-Launcher] com.zaxxer.hikari.HikariDataSource       : HikariPool-1 - Start completed.
2025-10-28T10:54:41.715-05:00  INFO 19492 --- [GestorFinanciero] [JavaFX-Launcher] org.hibernate.orm.connections.pooling    : HHH10001005: Database info:
	Database JDBC URL [Connecting through datasource 'HikariDataSource (HikariPool-1)']
	Database driver: undefined/unknown
	Database version: 3.46
	Autocommit mode: undefined/unknown
	Isolation level: undefined/unknown
	Minimum pool size: undefined/unknown
	Maximum pool size: undefined/unknown
2025-10-28T10:54:43.355-05:00  INFO 19492 --- [GestorFinanciero] [JavaFX-Launcher] o.h.e.t.j.p.i.JtaPlatformInitiator       : HHH000489: No JTA platform available (set 'hibernate.transaction.jta.platform' to enable JTA platform integration)
2025-10-28T10:54:43.402-05:00  INFO 19492 --- [GestorFinanciero] [JavaFX-Launcher] j.LocalContainerEntityManagerFactoryBean : Initialized JPA EntityManagerFactory for persistence unit 'default'
2025-10-28T10:54:43.827-05:00  INFO 19492 --- [GestorFinanciero] [JavaFX-Launcher] o.s.d.j.r.query.QueryEnhancerFactory     : Hibernate is in classpath; If applicable, HQL parser will be used.
2025-10-28T10:54:44.054-05:00  INFO 19492 --- [GestorFinanciero] [JavaFX-Launcher] o.s.boot.SpringApplication               : Started application in 5.968 seconds (process running for 7.23)
2025-10-28T10:56:01.787-05:00  INFO 19492 --- [GestorFinanciero] [SpringApplicationShutdownHook] j.LocalContainerEntityManagerFactoryBean : Closing JPA EntityManagerFactory for persistence unit 'default'
2025-10-28T10:56:01.794-05:00  INFO 19492 --- [GestorFinanciero] [SpringApplicationShutdownHook] com.zaxxer.hikari.HikariDataSource       : HikariPool-1 - Shutdown initiated...
2025-10-28T10:56:01.800-05:00  INFO 19492 --- [GestorFinanciero] [SpringApplicationShutdownHook] com.zaxxer.hikari.HikariDataSource       : HikariPool-1 - Shutdown completed.
